CRITICAL - 2022-04-18 00:15:43 --> Invalid file: laptop-view.php
#0 E:\GitHubRepos\nvsweb\nvsweb\vendor\codeigniter4\framework\system\View\View.php(198): CodeIgniter\Exceptions\FrameworkException::forInvalidFile('laptop-view.php')
#1 E:\GitHubRepos\nvsweb\nvsweb\vendor\codeigniter4\framework\system\Common.php(1089): CodeIgniter\View\View->render('laptop-view', Array, true)
#2 E:\GitHubRepos\nvsweb\nvsweb\app\Controllers\ProfileController.php(10): view('laptop-view')
#3 E:\GitHubRepos\nvsweb\nvsweb\vendor\codeigniter4\framework\system\CodeIgniter.php(832): App\Controllers\ProfileController->index()
#4 E:\GitHubRepos\nvsweb\nvsweb\vendor\codeigniter4\framework\system\CodeIgniter.php(419): CodeIgniter\CodeIgniter->runController(Object(App\Controllers\ProfileController))
#5 E:\GitHubRepos\nvsweb\nvsweb\vendor\codeigniter4\framework\system\CodeIgniter.php(326): CodeIgniter\CodeIgniter->handleRequest(NULL, Object(Config\Cache), false)
#6 E:\GitHubRepos\nvsweb\nvsweb\public\index.php(37): CodeIgniter\CodeIgniter->run()
#7 E:\GitHubRepos\nvsweb\nvsweb\vendor\codeigniter4\framework\system\Commands\Server\rewrite.php(43): require_once('E:\\GitHubRepos\\...')
#8 {main}
CRITICAL - 2022-04-18 00:20:03 --> Invalid file: laptop-view.php
#0 E:\GitHubRepos\nvsweb\nvsweb\vendor\codeigniter4\framework\system\View\View.php(198): CodeIgniter\Exceptions\FrameworkException::forInvalidFile('laptop-view.php')
#1 E:\GitHubRepos\nvsweb\nvsweb\vendor\codeigniter4\framework\system\Common.php(1089): CodeIgniter\View\View->render('laptop-view', Array, true)
#2 E:\GitHubRepos\nvsweb\nvsweb\app\Controllers\ProfileController.php(11): view('laptop-view')
#3 E:\GitHubRepos\nvsweb\nvsweb\vendor\codeigniter4\framework\system\CodeIgniter.php(832): App\Controllers\ProfileController->index()
#4 E:\GitHubRepos\nvsweb\nvsweb\vendor\codeigniter4\framework\system\CodeIgniter.php(419): CodeIgniter\CodeIgniter->runController(Object(App\Controllers\ProfileController))
#5 E:\GitHubRepos\nvsweb\nvsweb\vendor\codeigniter4\framework\system\CodeIgniter.php(326): CodeIgniter\CodeIgniter->handleRequest(NULL, Object(Config\Cache), false)
#6 E:\GitHubRepos\nvsweb\nvsweb\public\index.php(37): CodeIgniter\CodeIgniter->run()
#7 E:\GitHubRepos\nvsweb\nvsweb\vendor\codeigniter4\framework\system\Commands\Server\rewrite.php(43): require_once('E:\\GitHubRepos\\...')
#8 {main}
CRITICAL - 2022-04-18 00:20:05 --> Invalid file: laptop-view.php
#0 E:\GitHubRepos\nvsweb\nvsweb\vendor\codeigniter4\framework\system\View\View.php(198): CodeIgniter\Exceptions\FrameworkException::forInvalidFile('laptop-view.php')
#1 E:\GitHubRepos\nvsweb\nvsweb\vendor\codeigniter4\framework\system\Common.php(1089): CodeIgniter\View\View->render('laptop-view', Array, true)
#2 E:\GitHubRepos\nvsweb\nvsweb\app\Controllers\ProfileController.php(11): view('laptop-view')
#3 E:\GitHubRepos\nvsweb\nvsweb\vendor\codeigniter4\framework\system\CodeIgniter.php(832): App\Controllers\ProfileController->index()
#4 E:\GitHubRepos\nvsweb\nvsweb\vendor\codeigniter4\framework\system\CodeIgniter.php(419): CodeIgniter\CodeIgniter->runController(Object(App\Controllers\ProfileController))
#5 E:\GitHubRepos\nvsweb\nvsweb\vendor\codeigniter4\framework\system\CodeIgniter.php(326): CodeIgniter\CodeIgniter->handleRequest(NULL, Object(Config\Cache), false)
#6 E:\GitHubRepos\nvsweb\nvsweb\public\index.php(37): CodeIgniter\CodeIgniter->run()
#7 E:\GitHubRepos\nvsweb\nvsweb\vendor\codeigniter4\framework\system\Commands\Server\rewrite.php(43): require_once('E:\\GitHubRepos\\...')
#8 {main}
CRITICAL - 2022-04-18 00:20:05 --> Invalid file: laptop-view.php
#0 E:\GitHubRepos\nvsweb\nvsweb\vendor\codeigniter4\framework\system\View\View.php(198): CodeIgniter\Exceptions\FrameworkException::forInvalidFile('laptop-view.php')
#1 E:\GitHubRepos\nvsweb\nvsweb\vendor\codeigniter4\framework\system\Common.php(1089): CodeIgniter\View\View->render('laptop-view', Array, true)
#2 E:\GitHubRepos\nvsweb\nvsweb\app\Controllers\ProfileController.php(11): view('laptop-view')
#3 E:\GitHubRepos\nvsweb\nvsweb\vendor\codeigniter4\framework\system\CodeIgniter.php(832): App\Controllers\ProfileController->index()
#4 E:\GitHubRepos\nvsweb\nvsweb\vendor\codeigniter4\framework\system\CodeIgniter.php(419): CodeIgniter\CodeIgniter->runController(Object(App\Controllers\ProfileController))
#5 E:\GitHubRepos\nvsweb\nvsweb\vendor\codeigniter4\framework\system\CodeIgniter.php(326): CodeIgniter\CodeIgniter->handleRequest(NULL, Object(Config\Cache), false)
#6 E:\GitHubRepos\nvsweb\nvsweb\public\index.php(37): CodeIgniter\CodeIgniter->run()
#7 E:\GitHubRepos\nvsweb\nvsweb\vendor\codeigniter4\framework\system\Commands\Server\rewrite.php(43): require_once('E:\\GitHubRepos\\...')
#8 {main}
CRITICAL - 2022-04-18 00:20:12 --> Invalid file: laptop-view.php
#0 E:\GitHubRepos\nvsweb\nvsweb\vendor\codeigniter4\framework\system\View\View.php(198): CodeIgniter\Exceptions\FrameworkException::forInvalidFile('laptop-view.php')
#1 E:\GitHubRepos\nvsweb\nvsweb\vendor\codeigniter4\framework\system\Common.php(1089): CodeIgniter\View\View->render('laptop-view', Array, true)
#2 E:\GitHubRepos\nvsweb\nvsweb\app\Controllers\ProfileController.php(11): view('laptop-view')
#3 E:\GitHubRepos\nvsweb\nvsweb\vendor\codeigniter4\framework\system\CodeIgniter.php(832): App\Controllers\ProfileController->index()
#4 E:\GitHubRepos\nvsweb\nvsweb\vendor\codeigniter4\framework\system\CodeIgniter.php(419): CodeIgniter\CodeIgniter->runController(Object(App\Controllers\ProfileController))
#5 E:\GitHubRepos\nvsweb\nvsweb\vendor\codeigniter4\framework\system\CodeIgniter.php(326): CodeIgniter\CodeIgniter->handleRequest(NULL, Object(Config\Cache), false)
#6 E:\GitHubRepos\nvsweb\nvsweb\public\index.php(37): CodeIgniter\CodeIgniter->run()
#7 E:\GitHubRepos\nvsweb\nvsweb\vendor\codeigniter4\framework\system\Commands\Server\rewrite.php(43): require_once('E:\\GitHubRepos\\...')
#8 {main}
ERROR - 2022-04-18 03:29:45 --> Error connecting to the database: No connection could be made because the target machine actively refused it.

CRITICAL - 2022-04-18 03:29:45 --> Unable to connect to the database.
Main connection [MySQLi]: No connection could be made because the target machine actively refused it.

#0 E:\GitHubRepos\nvsweb\nvsweb\vendor\codeigniter4\framework\system\Database\BaseConnection.php(577): CodeIgniter\Database\BaseConnection->initialize()
#1 E:\GitHubRepos\nvsweb\nvsweb\vendor\codeigniter4\framework\system\Database\BaseBuilder.php(1455): CodeIgniter\Database\BaseConnection->query('SELECT *\nFROM `...', Array, false)
#2 E:\GitHubRepos\nvsweb\nvsweb\vendor\codeigniter4\framework\system\Model.php(210): CodeIgniter\Database\BaseBuilder->get()
#3 E:\GitHubRepos\nvsweb\nvsweb\vendor\codeigniter4\framework\system\BaseModel.php(622): CodeIgniter\Model->doFirst()
#4 E:\GitHubRepos\nvsweb\nvsweb\app\Controllers\SigninController.php(21): CodeIgniter\BaseModel->first()
#5 E:\GitHubRepos\nvsweb\nvsweb\vendor\codeigniter4\framework\system\CodeIgniter.php(832): App\Controllers\SigninController->loginAuth()
#6 E:\GitHubRepos\nvsweb\nvsweb\vendor\codeigniter4\framework\system\CodeIgniter.php(419): CodeIgniter\CodeIgniter->runController(Object(App\Controllers\SigninController))
#7 E:\GitHubRepos\nvsweb\nvsweb\vendor\codeigniter4\framework\system\CodeIgniter.php(326): CodeIgniter\CodeIgniter->handleRequest(NULL, Object(Config\Cache), false)
#8 E:\GitHubRepos\nvsweb\nvsweb\public\index.php(37): CodeIgniter\CodeIgniter->run()
#9 E:\GitHubRepos\nvsweb\nvsweb\vendor\codeigniter4\framework\system\Commands\Server\rewrite.php(43): require_once('E:\\GitHubRepos\\...')
#10 {main}
